2025-08-24 03:31:56,263 - my_service_logger - INFO - input_variables=['user_input'] input_types={} partial_variables={} template="\n본 서비스(이하 땡겨요)는 신한은행이 '고객과 가맹점 모두에게 이로운 상생 금융'을 목표로 출시한 배달 애플리케이션입니다.\n기존 배달앱 시장의 높은 중개수수료와 광고비 부담을 낮춰 소상공인(가맹점주)의 실질적인 소득 증대를 돕고, \n동시에 소비자에게는 다양한 할인 혜택과 금융 상품 연계 이점을 제공하는 것이 특징입니다.\n\n당신은 사용자 질문이 '배달 서비스 플랫폼'과 관련된 내용인지 판단하는 엄격한 심사위원입니다.\n주어진 대화 기록은 대화의 전체적인 맥락을 파악하는 데 사용하되, **가장 중요한 것은 마지막 사용자 질문입니다.**\n이전 대화 내용보다 **가장 마지막에 들어온 사용자 질문의 의도를 최우선으로 판단**하세요.\n사용자의 질문을 보고 관련이 있다면 'PASS', 전혀 관련이 없다면 'FAIL'이라고만 답해주세요.\n\n오직 'PASS' 또는 'FAIL' 둘 중 하나로만 답변해야 합니다.\n\n[서비스 관련 주제 예시]\n- '음식주문 및 배달문의', '권리침해 신고', '결제 방법' 등 땡겨요 서비스와 관련 있는 질문\n[서비스와 관련 없는 주제 예시]\n- 타서비스(배달의민족, 쿠팡이츠, 요기요 등) 질문 또는 땡겨요 서비스와 관련 없는 질문(날씨, 정치, 주식 등)\n---\n사용자 질문: {user_input}\n---\n판단:"
2025-08-24 03:31:56,264 - my_service_logger - INFO - 🤖 Orchestrator 테스트를 시작합니다. 종료하려면 'exit'을 입력하세요.
2025-08-24 03:31:59,163 - my_service_logger - INFO - [user-12345_20250824033156] 👤 User: 주문이 안옵니다~ (Session: user-12345_20250824033156)
2025-08-24 03:31:59,164 - my_service_logger - INFO - [user-12345_20250824033156] 세로운 세션을 시작합니다: user-12345_20250824033156
2025-08-24 03:32:02,833 - my_service_logger - INFO - [user-12345_20250824033156] 🛡️ Guardrail Check: PASS
2025-08-24 03:32:04,361 - my_service_logger - INFO - {'intent': 'AICC', 'desc': '음식주문 및 배달문의 - 주문이 오지 않는 상황에 대한 문의', 'sentiment': 'NEGATIVE'}
2025-08-24 03:32:04,361 - my_service_logger - INFO - [user-12345_20250824033156] 🤖 Orchestrator's Intent (JSON): **{'intent': 'AICC', 'desc': '음식주문 및 배달문의 - 주문이 오지 않는 상황에 대한 문의', 'sentiment': 'NEGATIVE'}**
2025-08-24 03:32:04,361 - my_service_logger - INFO - ✅ Routing to AICC Agent... (미연결)
2025-08-24 03:32:04,361 - my_service_logger - INFO - [user-12345_20250824033156] 🤖 AI response : [AICC 에이전트의 답변이 여기에 표시됩니다]
2025-08-24 03:32:04,361 - my_service_logger - INFO - [user-12345_20250824033156] 👤 User: 주문이 안옵니다~ (Session: user-12345_20250824033156) ||| RESULT ||| {'response': '[AICC 에이전트의 답변이 여기에 표시됩니다]', 'guardrail_result': 'PASS', 'intent': 'AICC'}
2025-08-24 03:32:04,362 - my_service_logger - INFO - [user-12345_20250824033156] Agent: [AICC 에이전트의 답변이 여기에 표시됩니다]

2025-08-24 03:32:12,180 - my_service_logger - INFO - [user-12345_20250824033156] 👤 User: 배달 시작했나요? (Session: user-12345_20250824033156)
2025-08-24 03:32:13,060 - my_service_logger - INFO - [user-12345_20250824033156] 🛡️ Guardrail Check: PASS
2025-08-24 03:32:14,357 - my_service_logger - INFO - {'intent': 'AICC', 'desc': '음식주문 및 배달문의 - 배달 시작 여부 문의', 'sentiment': 'NEUTRAL'}
2025-08-24 03:32:14,357 - my_service_logger - INFO - [user-12345_20250824033156] 🤖 Orchestrator's Intent (JSON): **{'intent': 'AICC', 'desc': '음식주문 및 배달문의 - 배달 시작 여부 문의', 'sentiment': 'NEUTRAL'}**
2025-08-24 03:32:14,357 - my_service_logger - INFO - ✅ Routing to AICC Agent... (미연결)
2025-08-24 03:32:14,357 - my_service_logger - INFO - [user-12345_20250824033156] 🤖 AI response : [AICC 에이전트의 답변이 여기에 표시됩니다]
2025-08-24 03:32:14,357 - my_service_logger - INFO - [user-12345_20250824033156] 👤 User: 배달 시작했나요? (Session: user-12345_20250824033156) ||| RESULT ||| {'response': '[AICC 에이전트의 답변이 여기에 표시됩니다]', 'guardrail_result': 'PASS', 'intent': 'AICC'}
2025-08-24 03:32:14,357 - my_service_logger - INFO - [user-12345_20250824033156] Agent: [AICC 에이전트의 답변이 여기에 표시됩니다]

2025-08-24 03:32:18,616 - my_service_logger - INFO - [user-12345_20250824033156] 대화 기록이 로그 파일로 저장되었습니다: log/20250824033218_user-12345_20250824033156.log
2025-08-24 03:32:18,616 - my_service_logger - INFO - [user-12345_20250824033156] 세션을 종료하고 대화 기록을 삭제합니다: user-12345_20250824033156
2025-08-24 03:32:18,616 - my_service_logger - INFO - [user-12345_20250824033156]프로그램을 종료합니다.
